0 info it worked if it ends with ok
1 verbose cli [ '/Users/nick/.nvm/v6.9.2/bin/node',
1 verbose cli   '/Users/nick/.nvm/v6.9.2/bin/npm',
1 verbose cli   'run-script',
1 verbose cli   'package' ]
2 info using npm@3.10.9
3 info using node@v6.9.2
4 verbose run-script [ 'prepackage', 'package', 'postpackage' ]
5 info lifecycle electron-starter@0.1.0~prepackage: electron-starter@0.1.0
6 silly lifecycle electron-starter@0.1.0~prepackage: no script for prepackage, continuing
7 info lifecycle electron-starter@0.1.0~package: electron-starter@0.1.0
8 verbose lifecycle electron-starter@0.1.0~package: unsafe-perm in lifecycle true
9 verbose lifecycle electron-starter@0.1.0~package: PATH: /Users/nick/.nvm/v6.9.2/lib/node_modules/npm/bin/node-gyp-bin:/Users/nick/WebstormProjects/electron-starter/node_modules/.bin:/opt/local/bin:/opt/local/sbin:/Library/Frameworks/Python.framework/Versions/3.6/bin:/Library/Frameworks/Python.framework/Versions/2.7/bin:/Users/nick/.nvm/v6.9.2/bin:/usr/local/opt/gnu-sed/libexec/gnubin:/usr/local/opt/coreutils/libexec/gnubin:/usr/local/opt/gnu-getopt/bin:/usr/local/bin:/usr/local/sbin:/usr/local/bin:/usr/bin:/bin:/usr/sbin:/sbin:/usr/local/git/bin:/opt/local/bin:/opt/local/sbin:/Library/Frameworks/Python.framework/Versions/3.6/bin:/Library/Frameworks/Python.framework/Versions/2.7/bin:/usr/local/opt/gnu-sed/libexec/gnubin:/usr/local/opt/coreutils/libexec/gnubin:/usr/local/opt/gnu-getopt/bin:/usr/local/sbin
10 verbose lifecycle electron-starter@0.1.0~package: CWD: /Users/nick/WebstormProjects/electron-starter
11 silly lifecycle electron-starter@0.1.0~package: Args: [ '-c',
11 silly lifecycle   'electron-packager ./ BittrexWatcher --platform=win32,darwin --out ~/Desktop/BittrexWatcher --version 0.1 --overwrite --icon=./app/img/app-icon.icns' ]
12 silly lifecycle electron-starter@0.1.0~package: Returned: code: 1  signal: null
13 info lifecycle electron-starter@0.1.0~package: Failed to exec package script
14 verbose stack Error: electron-starter@0.1.0 package: `electron-packager ./ BittrexWatcher --platform=win32,darwin --out ~/Desktop/BittrexWatcher --version 0.1 --overwrite --icon=./app/img/app-icon.icns`
14 verbose stack Exit status 1
14 verbose stack     at EventEmitter.<anonymous> (/Users/nick/.nvm/v6.9.2/lib/node_modules/npm/lib/utils/lifecycle.js:255:16)
14 verbose stack     at emitTwo (events.js:106:13)
14 verbose stack     at EventEmitter.emit (events.js:191:7)
14 verbose stack     at ChildProcess.<anonymous> (/Users/nick/.nvm/v6.9.2/lib/node_modules/npm/lib/utils/spawn.js:40:14)
14 verbose stack     at emitTwo (events.js:106:13)
14 verbose stack     at ChildProcess.emit (events.js:191:7)
14 verbose stack     at maybeClose (internal/child_process.js:877:16)
14 verbose stack     at Process.ChildProcess._handle.onexit (internal/child_process.js:226:5)
15 verbose pkgid electron-starter@0.1.0
16 verbose cwd /Users/nick/WebstormProjects/electron-starter
17 error Darwin 16.7.0
18 error argv "/Users/nick/.nvm/v6.9.2/bin/node" "/Users/nick/.nvm/v6.9.2/bin/npm" "run-script" "package"
19 error node v6.9.2
20 error npm  v3.10.9
21 error code ELIFECYCLE
22 error electron-starter@0.1.0 package: `electron-packager ./ BittrexWatcher --platform=win32,darwin --out ~/Desktop/BittrexWatcher --version 0.1 --overwrite --icon=./app/img/app-icon.icns`
22 error Exit status 1
23 error Failed at the electron-starter@0.1.0 package script 'electron-packager ./ BittrexWatcher --platform=win32,darwin --out ~/Desktop/BittrexWatcher --version 0.1 --overwrite --icon=./app/img/app-icon.icns'.
23 error Make sure you have the latest version of node.js and npm installed.
23 error If you do, this is most likely a problem with the electron-starter package,
23 error not with npm itself.
23 error Tell the author that this fails on your system:
23 error     electron-packager ./ BittrexWatcher --platform=win32,darwin --out ~/Desktop/BittrexWatcher --version 0.1 --overwrite --icon=./app/img/app-icon.icns
23 error You can get information on how to open an issue for this project with:
23 error     npm bugs electron-starter
23 error Or if that isn't available, you can get their info via:
23 error     npm owner ls electron-starter
23 error There is likely additional logging output above.
24 verbose exit [ 1, true ]
